<?xml version="1.0" encoding="UTF-8"?>
<!-- Generated by org.testng.reporters.JUnitXMLReporter -->
<testsuite ignored="0" hostname="DESKTOP-0N1SQP8" failures="0" tests="8" name="TestonChrome" time="0.235" errors="0" timestamp="2024-07-09T23:04:10 TRT">
  <testcase classname="Enocta.BaseClass" name="@BeforeClass beforeClass" time="0.062">
    <failure type="java.lang.IllegalStateException" message="The driver executable does not exist: C:\Users\90533\Desktop\MASAÜSTÜ2\EnoctaVakaCalismasi\..\..\chromedriver.exe">
      <![CDATA[java.lang.IllegalStateException: The driver executable does not exist: C:\Users\90533\Desktop\MASAÜSTÜ2\EnoctaVakaCalismasi\..\..\chromedriver.exe
at com.google.common.base.Preconditions.checkState(Preconditions.java:585)
at org.openqa.selenium.remote.service.DriverService.checkExecutable(DriverService.java:146)
at org.openqa.selenium.remote.service.DriverService.findExecutable(DriverService.java:141)
at org.openqa.selenium.chrome.ChromeDriverService.access$000(ChromeDriverService.java:35)
at org.openqa.selenium.chrome.ChromeDriverService$Builder.findDefaultExecutable(ChromeDriverService.java:159)
at org.openqa.selenium.remote.service.DriverService$Builder.build(DriverService.java:355)
at org.openqa.selenium.chrome.ChromeDriverService.createDefaultService(ChromeDriverService.java:94)
at org.openqa.selenium.chrome.ChromeDriver.<init>(ChromeDriver.java:123)
at Enocta.BaseClass.beforeClass(BaseClass.java:23)
at java.base/java.util.concurrent.ThreadPoolExecutor.runWorker(ThreadPoolExecutor.java:1128)
at java.base/java.util.concurrent.ThreadPoolExecutor$Worker.run(ThreadPoolExecutor.java:628)
at java.base/java.lang.Thread.run(Thread.java:834)
... Removed 10 stack frames]]>
    </failure>
  </testcase> <!-- @BeforeClass beforeClass -->
  <testcase classname="test.ProductOperationsChrome" name="@BeforeClass beforeClass" time="-1.720555450317E9">
    <skipped/>
  </testcase> <!-- @BeforeClass beforeClass -->
  <testcase classname="test.ProductOperationsChrome" name="openPageTest" time="0.0">
    <skipped/>
  </testcase> <!-- openPageTest -->
  <testcase classname="test.ProductOperationsChrome" name="userLoginTest" time="0.0">
    <skipped/>
  </testcase> <!-- userLoginTest -->
  <testcase classname="test.ProductOperationsChrome" name="searchTest" time="0.0">
    <skipped/>
  </testcase> <!-- searchTest -->
  <testcase classname="test.ProductOperationsChrome" name="filtrePriceTest" time="0.0">
    <skipped/>
  </testcase> <!-- filtrePriceTest -->
  <testcase classname="test.ProductOperationsChrome" name="randomProductSelectTest" time="0.0">
    <skipped/>
  </testcase> <!-- randomProductSelectTest -->
  <testcase classname="test.ProductOperationsChrome" name="addBasketLowPointSellerTest" time="0.0">
    <skipped/>
  </testcase> <!-- addBasketLowPointSellerTest -->
  <testcase classname="test.ProductOperationsChrome" name="addBasketControlTest" time="0.0">
    <skipped/>
  </testcase> <!-- addBasketControlTest -->
  <testcase classname="test.ProductOperationsChrome" name="deleteBasketTest" time="0.0">
    <skipped/>
  </testcase> <!-- deleteBasketTest -->
</testsuite> <!-- TestonChrome -->
