<?xml version="1.0" encoding="UTF-8"?>
<!-- Generated by org.testng.reporters.JUnitReportReporter -->
<testsuite hostname="DESKTOP-0N1SQP8" failures="0" tests="9" name="test.ProductOperationsChrome" time="0.062" errors="1" timestamp="2024-07-09T23:04:10 TRT" skipped="8">
  <testcase classname="test.ProductOperationsChrome" name="beforeClass" time="0.062">
    <error message="The driver executable does not exist: C:\Users\90533\Desktop\MASAÜSTÜ2\EnoctaVakaCalismasi\..\..\chromedriver.exe" type="java.lang.IllegalStateException">
      <![CDATA[java.lang.IllegalStateException: The driver executable does not exist: C:\Users\90533\Desktop\MASAÜSTÜ2\EnoctaVakaCalismasi\..\..\chromedriver.exe
at com.google.common.base.Preconditions.checkState(Preconditions.java:585)
at org.openqa.selenium.remote.service.DriverService.checkExecutable(DriverService.java:146)
at org.openqa.selenium.remote.service.DriverService.findExecutable(DriverService.java:141)
at org.openqa.selenium.chrome.ChromeDriverService.access$000(ChromeDriverService.java:35)
at org.openqa.selenium.chrome.ChromeDriverService$Builder.findDefaultExecutable(ChromeDriverService.java:159)
at org.openqa.selenium.remote.service.DriverService$Builder.build(DriverService.java:355)
at org.openqa.selenium.chrome.ChromeDriverService.createDefaultService(ChromeDriverService.java:94)
at org.openqa.selenium.chrome.ChromeDriver.<init>(ChromeDriver.java:123)
at Enocta.BaseClass.beforeClass(BaseClass.java:23)
at java.base/jdk.internal.reflect.NativeMethodAccessorImpl.invoke0(Native Method)
at java.base/jdk.internal.reflect.NativeMethodAccessorImpl.invoke(NativeMethodAccessorImpl.java:62)
at java.base/jdk.internal.reflect.DelegatingMethodAccessorImpl.invoke(DelegatingMethodAccessorImpl.java:43)
at java.base/java.lang.reflect.Method.invoke(Method.java:566)
at org.testng.internal.MethodInvocationHelper.invokeMethod(MethodInvocationHelper.java:132)
at org.testng.internal.MethodInvocationHelper.invokeMethodConsideringTimeout(MethodInvocationHelper.java:61)
at org.testng.internal.ConfigInvoker.invokeConfigurationMethod(ConfigInvoker.java:366)
at org.testng.internal.ConfigInvoker.invokeConfigurations(ConfigInvoker.java:320)
at org.testng.internal.TestMethodWorker.invokeBeforeClassMethods(TestMethodWorker.java:176)
at org.testng.internal.TestMethodWorker.run(TestMethodWorker.java:122)
at java.base/java.util.concurrent.ThreadPoolExecutor.runWorker(ThreadPoolExecutor.java:1128)
at java.base/java.util.concurrent.ThreadPoolExecutor$Worker.run(ThreadPoolExecutor.java:628)
at java.base/java.lang.Thread.run(Thread.java:834)
]]>
    </error>
  </testcase> <!-- beforeClass -->
  <system-out/>
  <testcase classname="test.ProductOperationsChrome" name="openPageTest" time="0.000">
    <skipped/>
  </testcase> <!-- openPageTest -->
  <system-out/>
  <testcase classname="test.ProductOperationsChrome" name="userLoginTest" time="0.000">
    <skipped/>
  </testcase> <!-- userLoginTest -->
  <system-out/>
  <testcase classname="test.ProductOperationsChrome" name="searchTest" time="0.000">
    <skipped/>
  </testcase> <!-- searchTest -->
  <system-out/>
  <testcase classname="test.ProductOperationsChrome" name="filtrePriceTest" time="0.000">
    <skipped/>
  </testcase> <!-- filtrePriceTest -->
  <system-out/>
  <testcase classname="test.ProductOperationsChrome" name="randomProductSelectTest" time="0.000">
    <skipped/>
  </testcase> <!-- randomProductSelectTest -->
  <system-out/>
  <testcase classname="test.ProductOperationsChrome" name="addBasketLowPointSellerTest" time="0.000">
    <skipped/>
  </testcase> <!-- addBasketLowPointSellerTest -->
  <system-out/>
  <testcase classname="test.ProductOperationsChrome" name="addBasketControlTest" time="0.000">
    <skipped/>
  </testcase> <!-- addBasketControlTest -->
  <system-out/>
  <testcase classname="test.ProductOperationsChrome" name="deleteBasketTest" time="0.000">
    <skipped/>
  </testcase> <!-- deleteBasketTest -->
  <system-out/>
</testsuite> <!-- test.ProductOperationsChrome -->
